c:\users\k017a2037\desktop\project1\project1\release\vc141.pdb
c:\users\k017a2037\desktop\project1\project1\release\texture.obj
c:\users\k017a2037\desktop\project1\project1\release\texbmp.obj
c:\users\k017a2037\desktop\project1\project1\release\source.obj
c:\users\k017a2037\desktop\project1\project1\release\rect.obj
c:\users\k017a2037\desktop\project1\project1\release\player.obj
c:\users\k017a2037\desktop\project1\project1\release\parts.obj
c:\users\k017a2037\desktop\project1\project1\release\keyboard.obj
c:\users\k017a2037\desktop\project1\project1\release\game.obj
c:\users\k017a2037\desktop\project1\project1\release\font.obj
c:\users\k017a2037\desktop\project1\project1\release\course.obj
c:\users\k017a2037\desktop\project1\project1\release\ball.obj
c:\users\k017a2037\desktop\project1\project1\release\audio.obj
c:\users\k017a2037\desktop\project1\project1\release\animationcontroller.obj
c:\users\k017a2037\desktop\project1\project1\release\animation.obj
c:\users\k017a2037\desktop\project1\release\project1.exe
c:\users\k017a2037\desktop\project1\release\project1.pdb
c:\users\k017a2037\desktop\project1\release\project1.ipdb
c:\users\k017a2037\desktop\project1\release\project1.iobj
c:\users\k017a2037\desktop\project1\project1\release\project1.tlog\cl.command.1.tlog
c:\users\k017a2037\desktop\project1\project1\release\project1.tlog\cl.read.1.tlog
c:\users\k017a2037\desktop\project1\project1\release\project1.tlog\cl.write.1.tlog
c:\users\k017a2037\desktop\project1\project1\release\project1.tlog\link.command.1.tlog
c:\users\k017a2037\desktop\project1\project1\release\project1.tlog\link.read.1.tlog
c:\users\k017a2037\desktop\project1\project1\release\project1.tlog\link.write.1.tlog
c:\users\k017a2037\desktop\project1\project1\release\project1.tlog\project1.write.1u.tlog
