  BossEnemy.cpp
  BulletShotEnemy.cpp
  CharacterManager.cpp
  ClearEnd.cpp
  Course.cpp
  End.cpp
  Enemy.cpp
  Explosion.cpp
  Main.cpp
  Player.cpp
  Stage.cpp
  Texture.cpp
  Timer.cpp
  Title.cpp
  コード生成しています。
  22 of 736 functions ( 3.0%) were compiled, the rest were copied from previous compilation.
    0 functions were new in current compilation
    10 functions had inline decision re-evaluated but remain unchanged
  コード生成が終了しました。
  Project1.vcxproj -> C:\Users\K017A2037\Desktop\横スクロールアクション\Release\Project1.exe
